# JRE version: Java(TM) SE Runtime Environment (23.0.2+7) (build 23.0.2+7-58)
# Java VM: Java HotSpot(TM) 64-Bit Server VM (23.0.2+7-58, mixed mode, sharing, tiered, compressed oops, compressed class ptrs, g1 gc, windows-amd64)
GC Precious Log:
 CardTable entry size: 512
 Card Set container configuration: InlinePtr #cards 3 size 8 Array Of Cards #cards 256 size 528 Howl #buckets 8 coarsen threshold 58982 Howl Bitmap #cards 8192 size 1040 coarsen threshold 7372 Card regions per heap region 1 cards per card region 65536
 CPUs: 8 total, 8 available
 Memory: 8112M
 Large Page Support: Disabled
 NUMA Support: Disabled
 Compressed Oops: Enabled (Zero based)
 Heap Region Size: 32M
 Heap Min Capacity: 32M
 Heap Initial Capacity: 128M
 Heap Max Capacity: 2272M
 Pre-touch: Disabled
 Parallel Workers: 8
 Concurrent Workers: 2
 Concurrent Refinement Workers: 8
 Periodic GC: Disabled
Heap:
 garbage-first heap   total reserved 2326528K, committed 1933312K, used 1383937K [0x0000000772000000, 0x0000000800000000)
  region size 32768K, 12 young (393216K), 2 survivors (65536K)
 Metaspace       used 249554K, committed 251840K, reserved 1310720K
  class space    used 37976K, committed 38976K, reserved 1048576K
GC Heap History (20 events):
Event: 2185.326 GC heap before
{Heap before GC invocations=699 (full 0):
 garbage-first heap   total reserved 2326528K, committed 1933312K, used 1646084K [0x0000000772000000, 0x0000000800000000)
  region size 32768K, 19 young (622592K), 2 survivors (65536K)
 Metaspace       used 249503K, committed 251776K, reserved 1310720K
  class space    used 37976K, committed 38976K, reserved 1048576K
}
Event: 2185.345 GC heap after
{Heap after GC invocations=700 (full 0):
 garbage-first heap   total reserved 2326528K, committed 1933312K, used 1100829K [0x0000000772000000, 0x0000000800000000)
  region size 32768K, 2 young (65536K), 2 survivors (65536K)
 Metaspace       used 249503K, committed 251776K, reserved 1310720K
  class space    used 37976K, committed 38976K, reserved 1048576K
}
Event: 2186.747 GC heap before
{Heap before GC invocations=701 (full 0):
 garbage-first heap   total reserved 2326528K, committed 1933312K, used 1657885K [0x0000000772000000, 0x0000000800000000)
  region size 32768K, 19 young (622592K), 2 survivors (65536K)
 Metaspace       used 249504K, committed 251776K, reserved 1310720K
  class space    used 37976K, committed 38976K, reserved 1048576K
}
Event: 2186.765 GC heap after
{Heap after GC invocations=702 (full 0):
 garbage-first heap   total reserved 2326528K, committed 1933312K, used 1099627K [0x0000000772000000, 0x0000000800000000)
  region size 32768K, 2 young (65536K), 2 survivors (65536K)
 Metaspace       used 249504K, committed 251776K, reserved 1310720K
  class space    used 37976K, committed 38976K, reserved 1048576K
}
Event: 2188.055 GC heap before
{Heap before GC invocations=702 (full 0):
 garbage-first heap   total reserved 2326528K, committed 1933312K, used 1656683K [0x0000000772000000, 0x0000000800000000)
  region size 32768K, 19 young (622592K), 2 survivors (65536K)
 Metaspace       used 249504K, committed 251776K, reserved 1310720K
  class space    used 37976K, committed 38976K, reserved 1048576K
}
Event: 2188.077 GC heap after
{Heap after GC invocations=703 (full 0):
 garbage-first heap   total reserved 2326528K, committed 1933312K, used 1086197K [0x0000000772000000, 0x0000000800000000)
  region size 32768K, 2 young (65536K), 2 survivors (65536K)
 Metaspace       used 249504K, committed 251776K, reserved 1310720K
  class space    used 37976K, committed 38976K, reserved 1048576K
}
Event: 2189.648 GC heap before
{Heap before GC invocations=703 (full 0):
 garbage-first heap   total reserved 2326528K, committed 1933312K, used 1643253K [0x0000000772000000, 0x0000000800000000)
  region size 32768K, 19 young (622592K), 2 survivors (65536K)
 Metaspace       used 249507K, committed 251776K, reserved 1310720K
  class space    used 37976K, committed 38976K, reserved 1048576K
}
Event: 2189.666 GC heap after
{Heap after GC invocations=704 (full 0):
 garbage-first heap   total reserved 2326528K, committed 1933312K, used 1121444K [0x0000000772000000, 0x0000000800000000)
  region size 32768K, 2 young (65536K), 2 survivors (65536K)
 Metaspace       used 249507K, committed 251776K, reserved 1310720K
  class space    used 37976K, committed 38976K, reserved 1048576K
}
Event: 2190.714 GC heap before
{Heap before GC invocations=705 (full 0):
 garbage-first heap   total reserved 2326528K, committed 1933312K, used 1645732K [0x0000000772000000, 0x0000000800000000)
  region size 32768K, 18 young (589824K), 2 survivors (65536K)
 Metaspace       used 249511K, committed 251840K, reserved 1310720K
  class space    used 37976K, committed 38976K, reserved 1048576K
}
Event: 2190.734 GC heap after
{Heap after GC invocations=706 (full 0):
 garbage-first heap   total reserved 2326528K, committed 1933312K, used 1093214K [0x0000000772000000, 0x0000000800000000)
  region size 32768K, 2 young (65536K), 2 survivors (65536K)
 Metaspace       used 249511K, committed 251840K, reserved 1310720K
  class space    used 37976K, committed 38976K, reserved 1048576K
}
Event: 2193.057 GC heap before
{Heap before GC invocations=706 (full 0):
 garbage-first heap   total reserved 2326528K, committed 1933312K, used 1650270K [0x0000000772000000, 0x0000000800000000)
  region size 32768K, 19 young (622592K), 2 survivors (65536K)
 Metaspace       used 249511K, committed 251840K, reserved 1310720K
  class space    used 37976K, committed 38976K, reserved 1048576K
}
Event: 2193.083 GC heap after
{Heap after GC invocations=707 (full 0):
 garbage-first heap   total reserved 2326528K, committed 1933312K, used 1086341K [0x0000000772000000, 0x0000000800000000)
  region size 32768K, 2 young (65536K), 2 survivors (65536K)
 Metaspace       used 249511K, committed 251840K, reserved 1310720K
  class space    used 37976K, committed 38976K, reserved 1048576K
}
Event: 2194.705 GC heap before
{Heap before GC invocations=707 (full 0):
 garbage-first heap   total reserved 2326528K, committed 1933312K, used 1643397K [0x0000000772000000, 0x0000000800000000)
  region size 32768K, 19 young (622592K), 2 survivors (65536K)
 Metaspace       used 249512K, committed 251840K, reserved 1310720K
  class space    used 37976K, committed 38976K, reserved 1048576K
}
Event: 2194.721 GC heap after
{Heap after GC invocations=708 (full 0):
 garbage-first heap   total reserved 2326528K, committed 1933312K, used 1086501K [0x0000000772000000, 0x0000000800000000)
  region size 32768K, 2 young (65536K), 2 survivors (65536K)
 Metaspace       used 249512K, committed 251840K, reserved 1310720K
  class space    used 37976K, committed 38976K, reserved 1048576K
}
Event: 2196.167 GC heap before
{Heap before GC invocations=709 (full 0):
 garbage-first heap   total reserved 2326528K, committed 1933312K, used 1643557K [0x0000000772000000, 0x0000000800000000)
  region size 32768K, 19 young (622592K), 2 survivors (65536K)
 Metaspace       used 249512K, committed 251840K, reserved 1310720K
  class space    used 37976K, committed 38976K, reserved 1048576K
}
Event: 2196.185 GC heap after
{Heap after GC invocations=710 (full 0):
 garbage-first heap   total reserved 2326528K, committed 1933312K, used 1092853K [0x0000000772000000, 0x0000000800000000)
  region size 32768K, 2 young (65536K), 2 survivors (65536K)
 Metaspace       used 249512K, committed 251840K, reserved 1310720K
  class space    used 37976K, committed 38976K, reserved 1048576K
}
Event: 2197.450 GC heap before
{Heap before GC invocations=710 (full 0):
 garbage-first heap   total reserved 2326528K, committed 1933312K, used 1649909K [0x0000000772000000, 0x0000000800000000)
  region size 32768K, 19 young (622592K), 2 survivors (65536K)
 Metaspace       used 249512K, committed 251840K, reserved 1310720K
  class space    used 37976K, committed 38976K, reserved 1048576K
}
Event: 2197.474 GC heap after
{Heap after GC invocations=711 (full 0):
 garbage-first heap   total reserved 2326528K, committed 1933312K, used 1083208K [0x0000000772000000, 0x0000000800000000)
  region size 32768K, 2 young (65536K), 2 survivors (65536K)
 Metaspace       used 249512K, committed 251840K, reserved 1310720K
  class space    used 37976K, committed 38976K, reserved 1048576K
}
Event: 2199.319 GC heap before
{Heap before GC invocations=711 (full 0):
 garbage-first heap   total reserved 2326528K, committed 1933312K, used 1640264K [0x0000000772000000, 0x0000000800000000)
  region size 32768K, 19 young (622592K), 2 survivors (65536K)
 Metaspace       used 249512K, committed 251840K, reserved 1310720K
  class space    used 37976K, committed 38976K, reserved 1048576K
}
Event: 2199.339 GC heap after
{Heap after GC invocations=712 (full 0):
 garbage-first heap   total reserved 2326528K, committed 1933312K, used 1089025K [0x0000000772000000, 0x0000000800000000)
  region size 32768K, 2 young (65536K), 2 survivors (65536K)
 Metaspace       used 249512K, committed 251840K, reserved 1310720K
  class space    used 37976K, committed 38976K, reserved 1048576K
}

